
> tauri-app@0.1.0 tauri
> tauri build

        Info Looking up installed tauri packages to check mismatched versions...
     Running beforeBuildCommand `npm run build`

> tauri-app@0.1.0 build
> vite build

[36mvite v6.4.1 [32mbuilding SSR bundle for production...[36m[39m
transforming...
[32mÎ“Â£Ã´[39m 196 modules transformed.
rendering chunks...
[36mvite v6.4.1 [32mbuilding for production...[36m[39m
transforming...
[32mÎ“Â£Ã´[39m 159 modules transformed.
rendering chunks...
computing gzip size...
[2m.svelte-kit/output/client/[22m[32m_app/version.json                       [39m[1m[2m 0.03 kB[22m[1m[22m[2m Î“Ã¶Ã© gzip:  0.05 kB[22m
[2m.svelte-kit/output/client/[22m[32m.vite/manifest.json                     [39m[1m[2m 3.20 kB[22m[1m[22m[2m Î“Ã¶Ã© gzip:  0.61 kB[22m
[2m.svelte-kit/output/client/[22m[35m_app/immutable/assets/0.DFMEDnxz.css    [39m[1m[2m10.22 kB[22m[1m[22m[2m Î“Ã¶Ã© gzip:  2.62 kB[22m
[2m.svelte-kit/output/client/[22m[36m_app/immutable/chunks/CUJEyEPA.js       [39m[1m[2m 0.04 kB[22m[1m[22m[2m Î“Ã¶Ã© gzip:  0.06 kB[22m
[2m.svelte-kit/output/client/[22m[36m_app/immutable/entry/start.DY-edy3B.js  [39m[1m[2m 0.08 kB[22m[1m[22m[2m Î“Ã¶Ã© gzip:  0.09 kB[22m
[2m.svelte-kit/output/client/[22m[36m_app/immutable/nodes/0.JKPHqdQc.js      [39m[1m[2m 0.48 kB[22m[1m[22m[2m Î“Ã¶Ã© gzip:  0.35 kB[22m
[2m.svelte-kit/output/client/[22m[36m_app/immutable/chunks/CgmYnItL.js       [39m[1m[2m 0.51 kB[22m[1m[22m[2m Î“Ã¶Ã© gzip:  0.33 kB[22m
[2m.svelte-kit/output/client/[22m[36m_app/immutable/nodes/1.CreUBblN.js      [39m[1m[2m 0.62 kB[22m[1m[22m[2m Î“Ã¶Ã© gzip:  0.38 kB[22m
[2m.svelte-kit/output/client/[22m[36m_app/immutable/chunks/c3ZxVK0m.js       [39m[1m[2m 0.66 kB[22m[1m[22m[2m Î“Ã¶Ã© gzip:  0.42 kB[22m
[2m.svelte-kit/output/client/[22m[36m_app/immutable/chunks/CqB1O4Gr.js       [39m[1m[2m 1.34 kB[22m[1m[22m[2m Î“Ã¶Ã© gzip:  0.74 kB[22m
[2m.svelte-kit/output/client/[22m[36m_app/immutable/chunks/CSvw8MP1.js       [39m[1m[2m 3.60 kB[22m[1m[22m[2m Î“Ã¶Ã© gzip:  1.69 kB[22m
[2m.svelte-kit/output/client/[22m[36m_app/immutable/entry/app.BzxtGOD9.js    [39m[1m[2m 6.28 kB[22m[1m[22m[2m Î“Ã¶Ã© gzip:  2.88 kB[22m
[2m.svelte-kit/output/client/[22m[36m_app/immutable/chunks/xcx--wBT.js       [39m[1m[2m 7.47 kB[22m[1m[22m[2m Î“Ã¶Ã© gzip:  3.25 kB[22m
[2m.svelte-kit/output/client/[22m[36m_app/immutable/nodes/2.yVEoiuj_.js      [39m[1m[2m19.91 kB[22m[1m[22m[2m Î“Ã¶Ã© gzip:  7.78 kB[22m
[2m.svelte-kit/output/client/[22m[36m_app/immutable/chunks/BFJoZeul.js       [39m[1m[2m24.81 kB[22m[1m[22m[2m Î“Ã¶Ã© gzip:  9.76 kB[22m
[2m.svelte-kit/output/client/[22m[36m_app/immutable/chunks/BylrMRic.js       [39m[1m[2m27.92 kB[22m[1m[22m[2m Î“Ã¶Ã© gzip: 10.81 kB[22m
[32mÎ“Â£Ã´ built in 660ms[39m
[2m.svelte-kit/output/server/[22m[32m.vite/manifest.json                         [39m[1m[2m  2.87 kB[22m[1m[22m
[2m.svelte-kit/output/server/[22m[35m_app/immutable/assets/_layout.DFMEDnxz.css  [39m[1m[2m 10.22 kB[22m[1m[22m
[2m.svelte-kit/output/server/[22m[36mentries/pages/_layout.ts.js                 [39m[1m[2m  0.04 kB[22m[1m[22m
[2m.svelte-kit/output/server/[22m[36mchunks/false.js                             [39m[1m[2m  0.05 kB[22m[1m[22m
[2m.svelte-kit/output/server/[22m[36mentries/pages/_layout.svelte.js             [39m[1m[2m  0.23 kB[22m[1m[22m
[2m.svelte-kit/output/server/[22m[36minternal.js                                 [39m[1m[2m  0.35 kB[22m[1m[22m
[2m.svelte-kit/output/server/[22m[36mchunks/environment.js                       [39m[1m[2m  0.62 kB[22m[1m[22m
[2m.svelte-kit/output/server/[22m[36mchunks/utils.js                             [39m[1m[2m  1.15 kB[22m[1m[22m
[2m.svelte-kit/output/server/[22m[36mentries/fallbacks/error.svelte.js           [39m[1m[2m  1.35 kB[22m[1m[22m
[2m.svelte-kit/output/server/[22m[36mchunks/internal.js                          [39m[1m[2m  3.32 kB[22m[1m[22m
[2m.svelte-kit/output/server/[22m[36mchunks/exports.js                           [39m[1m[2m  6.98 kB[22m[1m[22m
[2m.svelte-kit/output/server/[22m[36mentries/pages/_page.svelte.js               [39m[1m[2m 11.23 kB[22m[1m[22m
[2m.svelte-kit/output/server/[22m[36mremote-entry.js                             [39m[1m[2m 19.00 kB[22m[1m[22m
[2m.svelte-kit/output/server/[22m[36mchunks/shared.js                            [39m[1m[2m 25.96 kB[22m[1m[22m
[2m.svelte-kit/output/server/[22m[36mchunks/index.js                             [39m[1m[2m 32.62 kB[22m[1m[22m
[2m.svelte-kit/output/server/[22m[36mchunks/root.js                              [39m[1m[2m 75.37 kB[22m[1m[22m
[2m.svelte-kit/output/server/[22m[36mindex.js                                    [39m[1m[2m122.99 kB[22m[1m[22m
[32mÎ“Â£Ã´ built in 3.48s[39m

Run npm run preview to preview your production build locally.

> Using @sveltejs/adapter-static
  Wrote site to "build"
  Î“Â£Ã¶ done
   Compiling proc-macro2 v1.0.106
   Compiling quote v1.0.44
   Compiling unicode-ident v1.0.24
   Compiling cfg-if v1.0.4
   Compiling serde v1.0.228
   Compiling getrandom v0.3.4
   Compiling serde_core v1.0.228
   Compiling zerocopy v0.8.39
   Compiling parking_lot_core v0.9.12
   Compiling find-msvc-tools v0.1.9
   Compiling shlex v1.3.0
   Compiling icu_normalizer_data v2.1.1
   Compiling icu_properties_data v2.1.2
   Compiling windows-link v0.2.1
   Compiling zmij v1.0.21
   Compiling autocfg v1.5.0
   Compiling thiserror v2.0.18
   Compiling stable_deref_trait v1.2.1
   Compiling getrandom v0.2.17
   Compiling itoa v1.0.17
   Compiling windows-sys v0.61.2
   Compiling smallvec v1.15.1
   Compiling windows_x86_64_msvc v0.53.1
   Compiling rand_core v0.6.4
   Compiling fnv v1.0.7
   Compiling version_check v0.9.5
   Compiling jobserver v0.1.34
   Compiling log v0.4.29
   Compiling strsim v0.11.1
   Compiling siphasher v1.0.2
   Compiling memchr v2.8.0
   Compiling cc v1.2.56
   Compiling ident_case v1.0.1
   Compiling phf_shared v0.11.3
   Compiling percent-encoding v2.3.2
   Compiling litemap v0.8.1
   Compiling syn v2.0.116
   Compiling getrandom v0.4.1
   Compiling bytes v1.11.1
   Compiling scopeguard v1.2.0
   Compiling writeable v0.6.2
   Compiling dunce v1.0.5
   Compiling lock_api v0.4.14
   Compiling siphasher v0.3.11
   Compiling getrandom v0.1.16
   Compiling byteorder v1.5.0
   Compiling libc v0.2.182
   Compiling once_cell v1.21.3
   Compiling serde_json v1.0.149
   Compiling typeid v1.0.3
   Compiling parking_lot v0.12.5
   Compiling rand_core v0.5.1
   Compiling form_urlencoded v1.2.2
   Compiling erased-serde v0.4.9
   Compiling utf-8 v0.7.6
   Compiling pin-project-lite v0.2.16
   Compiling thiserror v1.0.69
   Compiling equivalent v1.0.2
   Compiling utf8_iter v1.0.4
   Compiling syn v1.0.109
   Compiling typenum v1.19.0
   Compiling rand_pcg v0.2.1
   Compiling phf_shared v0.8.0
   Compiling hashbrown v0.16.1
   Compiling anyhow v1.0.101
   Compiling proc-macro-hack v0.5.20+deprecated
   Compiling http v1.4.0
   Compiling phf_shared v0.10.0
   Compiling ppv-lite86 v0.2.21
   Compiling generic-array v0.14.7
   Compiling indexmap v2.13.0
   Compiling new_debug_unreachable v1.0.6
   Compiling windows-targets v0.53.5
   Compiling precomputed-hash v0.1.1
   Compiling windows_x86_64_msvc v0.52.6
   Compiling rand_chacha v0.3.1
   Compiling rand_chacha v0.2.2
   Compiling winnow v0.7.14
   Compiling mac v0.1.1
   Compiling rand v0.7.3
   Compiling futf v0.1.5
   Compiling synstructure v0.13.2
   Compiling rand v0.8.5
   Compiling darling_core v0.21.3
   Compiling windows-sys v0.60.2
   Compiling toml_datetime v0.7.5+spec-1.1.0
   Compiling phf_generator v0.8.0
   Compiling semver v1.0.27
   Compiling serde_spanned v1.0.4
   Compiling phf_codegen v0.8.0
   Compiling bitflags v1.3.2
   Compiling phf_generator v0.11.3
   Compiling phf_generator v0.10.0
   Compiling dtoa v1.0.11
   Compiling toml_writer v1.0.6+spec-1.1.0
   Compiling selectors v0.24.0
   Compiling string_cache_codegen v0.5.4
   Compiling phf_codegen v0.11.3
   Compiling dtoa-short v0.3.5
   Compiling uuid v1.21.0
   Compiling tendril v0.4.3
   Compiling aho-corasick v1.1.4
   Compiling markup5ever v0.14.1
   Compiling indexmap v1.9.3
   Compiling toml_parser v1.0.9+spec-1.1.0
   Compiling convert_case v0.4.0
   Compiling crossbeam-utils v0.8.21
   Compiling unic-common v0.9.0
   Compiling camino v1.2.2
   Compiling regex-syntax v0.8.9
   Compiling serde_derive v1.0.228
   Compiling zerofrom-derive v0.1.6
   Compiling yoke-derive v0.8.1
   Compiling zerovec-derive v0.11.2
   Compiling displaydoc v0.2.5
   Compiling thiserror-impl v2.0.18
   Compiling phf_macros v0.11.3
   Compiling darling_macro v0.21.3
   Compiling thiserror-impl v1.0.69
   Compiling tracing-attributes v0.1.31
   Compiling zerofrom v0.1.6
   Compiling darling v0.21.3
   Compiling phf v0.11.3
   Compiling yoke v0.8.1
   Compiling serde_with_macros v3.16.1
   Compiling zerovec v0.11.5
   Compiling zerotrie v0.2.3
   Compiling toml v0.9.12+spec-1.1.0
   Compiling ctor v0.2.9
   Compiling cssparser v0.29.6
   Compiling tinystr v0.8.2
   Compiling potential_utf v0.1.4
   Compiling phf_macros v0.10.0
   Compiling cssparser-macros v0.6.1
   Compiling nodrop v0.1.14
   Compiling unic-char-range v0.9.0
   Compiling icu_locale_core v2.1.1
   Compiling icu_collections v2.1.1
   Compiling alloc-no-stdlib v2.0.4
   Compiling matches v0.1.10
   Compiling unic-char-property v0.9.0
   Compiling alloc-stdlib v0.2.2
   Compiling servo_arc v0.2.0
   Compiling regex-automata v0.4.14
   Compiling winapi-util v0.1.11
   Compiling derive_more v0.99.20
   Compiling match_token v0.1.0
   Compiling unic-ucd-version v0.9.0
   Compiling serde_derive_internals v0.29.1
   Compiling phf v0.10.1
   Compiling icu_provider v2.1.1
   Compiling phf v0.8.0
   Compiling fxhash v0.2.1
   Compiling hashbrown v0.12.3
   Compiling futures-core v0.3.32
   Compiling icu_properties v2.1.2
   Compiling icu_normalizer v2.1.1
   Compiling string_cache v0.8.9
   Compiling schemars v0.8.22
   Compiling jsonptr v0.6.3
   Compiling cargo-platform v0.1.9
   Compiling schemars_derive v0.8.22
   Compiling regex v1.12.3
   Compiling same-file v1.0.6
   Compiling unic-ucd-ident v0.9.0
   Compiling brotli-decompressor v5.0.0
   Compiling html5ever v0.29.1
   Compiling socket2 v0.6.2
   Compiling idna_adapter v1.2.1
   Compiling idna v1.1.0
   Compiling mio v1.1.1
   Compiling tokio-macros v2.6.0
   Compiling cfb v0.7.3
   Compiling url v2.5.8
   Compiling dyn-clone v1.0.20
   Compiling brotli v8.0.2
   Compiling infer v0.19.0
   Compiling tokio v1.49.0
   Compiling cargo_metadata v0.19.2
   Compiling serde-untagged v0.1.9
   Compiling walkdir v2.5.0
   Compiling kuchikiki v0.8.8-speedreader
   Compiling urlpattern v0.3.0
   Compiling json-patch v3.0.1
   Compiling serde_with v3.16.1
   Compiling glob v0.3.3
   Compiling tracing-core v0.1.36
   Compiling windows-link v0.1.3
   Compiling vswhom-sys v0.1.3
   Compiling tracing v0.1.44
   Compiling futures-sink v0.3.32
   Compiling base64 v0.22.1
   Compiling windows-targets v0.52.6
   Compiling heck v0.5.0
   Compiling windows-sys v0.59.0
   Compiling windows-result v0.3.4
   Compiling windows-strings v0.4.2
   Compiling windows-implement v0.60.2
   Compiling windows-interface v0.59.3
   Compiling tauri-utils v2.8.2
   Compiling pkg-config v0.3.32
   Compiling vswhom v0.1.0
   Compiling rustc_version v0.4.1
   Compiling option-ext v0.2.0
   Compiling slab v0.4.12
   Compiling windows-core v0.61.2
   Compiling dirs-sys v0.5.0
   Compiling crypto-common v0.1.7
   Compiling block-buffer v0.10.4
   Compiling dirs v6.0.0
   Compiling windows-threading v0.1.0
   Compiling digest v0.10.7
   Compiling cargo_toml v0.22.3
   Compiling futures-macro v0.3.32
   Compiling bitflags v2.11.0
   Compiling cmake v0.1.57
   Compiling cpufeatures v0.2.17
   Compiling fs_extra v1.3.0
   Compiling futures-task v0.3.32
   Compiling futures-io v0.3.32
   Compiling aws-lc-sys v0.37.1
   Compiling sha2 v0.10.9
   Compiling windows-numerics v0.2.0
   Compiling windows-collections v0.2.0
   Compiling futures-util v0.3.32
   Compiling windows-future v0.2.1
   Compiling crc32fast v1.5.0
   Compiling simd-adler32 v0.3.8
   Compiling windows v0.61.3
   Compiling webview2-com-sys v0.38.2
   Compiling winreg v0.55.0
   Compiling embed-resource v3.0.6
   Compiling vcpkg v0.2.15
   Compiling num-conv v0.2.0
   Compiling tauri-winres v0.3.5
   Compiling raw-window-handle v0.6.2
   Compiling adler2 v2.0.1
   Compiling time-core v0.1.8
   Compiling unicode-segmentation v1.12.0
   Compiling powerfmt v0.2.0
   Compiling libsqlite3-sys v0.30.1
   Compiling deranged v0.5.6
   Compiling time-macros v0.2.27
   Compiling miniz_oxide v0.8.9
   Compiling dpi v0.1.2
   Compiling cookie v0.18.1
   Compiling num-traits v0.2.19
   Compiling zeroize v1.8.2
   Compiling aws-lc-rs v1.15.4
   Compiling time v0.3.47
   Compiling tauri-build v2.5.5
   Compiling tauri-plugin v2.5.3
   Compiling flate2 v1.1.9
   Compiling fdeflate v0.3.7
   Compiling http-body v1.0.1
   Compiling futures-channel v0.3.32
   Compiling webview2-com-macros v0.8.1
   Compiling windows-version v0.1.7
   Compiling httparse v1.10.1
   Compiling winapi v0.3.9
   Compiling png v0.17.16
   Compiling tokio-util v0.7.18
   Compiling crossbeam-channel v0.5.15
   Compiling either v1.15.0
   Compiling tauri-runtime v2.10.0
   Compiling foldhash v0.1.5
   Compiling allocator-api2 v0.2.21
   Compiling wry v0.54.2
   Compiling try-lock v0.2.5
   Compiling native-tls v0.2.16
   Compiling base64ct v1.8.3
   Compiling atomic-waker v1.1.2
   Compiling tower-service v0.3.3
   Compiling h2 v0.4.13
   Compiling pem-rfc7468 v0.7.0
   Compiling tauri v2.10.2
   Compiling hashbrown v0.15.5
   Compiling want v0.3.1
   Compiling ico v0.5.0
   Compiling rustls-pki-types v1.14.0
   Compiling concurrent-queue v2.5.0
   Compiling schannel v0.1.28
   Compiling serde_repr v0.1.20
   Compiling darling_core v0.20.11
   Compiling windows-strings v0.5.1
   Compiling windows-result v0.4.1
   Compiling untrusted v0.9.0
   Compiling rustls v0.23.36
   Compiling parking v2.2.1
   Compiling crc-catalog v2.4.0
   Compiling pin-utils v0.1.0
   Compiling lazy_static v1.5.0
   Compiling ryu v1.0.23
   Compiling tauri-runtime-wry v2.10.0
   Compiling crc v3.4.0
   Compiling event-listener v5.4.1
   Compiling socks v0.3.4
   Compiling windows-registry v0.6.1
   Compiling webpki-root-certs v1.0.6
   Compiling ureq-proto v0.5.3
   Compiling tauri-codegen v2.5.4
   Compiling hyper v1.8.1
   Compiling hashlink v0.10.0
   Compiling der v0.7.10
   Compiling tokio-stream v0.1.18
   Compiling darling_macro v0.20.11
   Compiling crossbeam-queue v0.3.12
   Compiling keyboard-types v0.7.0
   Compiling softbuffer v0.4.8
   Compiling futures-intrusive v0.5.0
   Compiling crossbeam-epoch v0.9.18
   Compiling serialize-to-javascript-impl v0.1.2
   Compiling spin v0.9.8
   Compiling subtle v2.6.1
   Compiling rayon-core v1.13.0
   Compiling rustversion v1.0.22
   Compiling mime v0.3.17
   Compiling ipnet v2.11.0
   Compiling serde_urlencoded v0.7.1
   Compiling hyper-util v0.1.20
   Compiling muda v0.17.1
   Compiling flume v0.11.1
   Compiling serialize-to-javascript v0.1.2
   Compiling crossbeam-deque v0.8.6
   Compiling sqlx-core v0.8.6
   Compiling ureq v3.2.0
   Compiling darling v0.20.11
   Compiling tauri-macros v2.5.4
   Compiling window-vibrancy v0.6.0
   Compiling atoi v2.0.0
   Compiling futures-executor v0.3.32
   Compiling onig_sys v69.9.1
   Compiling matrixmultiply v0.3.10
   Compiling portable-atomic v1.13.1
   Compiling lzma-rust2 v0.15.7
   Compiling hmac-sha256 v1.1.14
   Compiling paste v1.0.15
   Compiling ort-sys v2.0.0-rc.11
   Compiling sqlx-sqlite v0.8.6
   Compiling derive_builder_core v0.20.2
   Compiling tauri-plugin-shell v2.3.5
   Compiling tauri-plugin-fs v2.4.5
   Compiling tauri-plugin-opener v2.5.3
   Compiling rand_core v0.9.5
   Compiling sync_wrapper v1.0.2
   Compiling esaxx-rs v0.1.10
   Compiling ahash v0.8.12
   Compiling rawpointer v0.2.1
   Compiling minimal-lexical v0.2.1
   Compiling hex v0.4.3
   Compiling dotenvy v0.15.7
   Compiling encode_unicode v1.0.0
   Compiling tower-layer v0.3.3
   Compiling unicode-width v0.2.2
   Compiling sqlx-macros-core v0.8.6
   Compiling console v0.16.2
   Compiling tower v0.5.3
   Compiling nom v7.1.3
   Compiling rand_chacha v0.9.0
   Compiling derive_builder_macro v0.20.2
   Compiling castaway v0.2.4
   Compiling rayon v1.11.0
   Compiling itertools v0.14.0
   Compiling num-complex v0.4.6
   Compiling num-integer v0.1.46
   Compiling http-body-util v0.1.3
   Compiling open v5.3.3
   Compiling monostate-impl v0.1.18
   Compiling encoding_rs v0.8.35
   Compiling static_assertions v1.1.0
   Compiling macro_rules_attribute-proc_macro v0.2.2
   Compiling base64 v0.13.1
   Compiling unit-prefix v0.5.2
   Compiling iri-string v0.7.10
   Compiling spm_precompiled v0.1.4
   Compiling macro_rules_attribute v0.2.2
   Compiling indicatif v0.18.4
   Compiling hyper-named-pipe v0.1.0
   Compiling rayon-cond v0.4.0
   Compiling compact_str v0.9.0
   Compiling monostate v0.1.18
   Compiling ndarray v0.17.2
   Compiling derive_builder v0.20.2
   Compiling tao v0.34.5
   Compiling onig v6.5.1
   Compiling tower-http v0.6.8
   Compiling sqlx-macros v0.8.6
   Compiling rand v0.9.2
   Compiling bollard-stubs v1.52.1-rc.29.1.3
   Compiling tauri-app v0.1.0 (D:\WindowsProyects\Antigravity\Fork\src-tauri)
   Compiling dary_heap v0.3.8
   Compiling shared_child v1.1.1
   Compiling os_pipe v1.2.3
   Compiling unicode-normalization-alignments v0.1.12
   Compiling unicode_categories v0.1.1
   Compiling keyring v3.6.3
   Compiling webview2-com v0.38.2
   Compiling tokenizers v0.22.2
   Compiling ort v2.0.0-rc.11
   Compiling sqlx v0.8.6
   Compiling bollard v0.20.1
   Compiling rustls-webpki v0.103.9
   Compiling tokio-rustls v0.26.4
   Compiling rustls-platform-verifier v0.6.2
   Compiling hyper-rustls v0.27.7
   Compiling reqwest v0.13.2
warning: struct `AccountInfo` is never constructed
 --> src\core\auth.rs:5:12
  |
5 | pub struct AccountInfo {
  |            ^^^^^^^^^^^
  |
  = note: `#[warn(dead_code)]` (part of `#[warn(unused)]`) on by default

warning: associated function `new` is never used
  --> src\core\auth.rs:13:12
   |
12 | impl AuthManager {
   | ---------------- associated function in this implementation
13 |     pub fn new() -> Self {
   |            ^^^

warning: field `session` is never read
 --> src\core\local_llm.rs:7:5
  |
6 | pub struct LocalInferenceEngine {
  |            -------------------- field in this struct
7 |     session: Session,
  |     ^^^^^^^

warning: struct `UpdateManifest` is never constructed
 --> src\core\updater.rs:7:8
  |
7 | struct UpdateManifest {
  |        ^^^^^^^^^^^^^^

warning: struct `AdapterUpdate` is never constructed
  --> src\core\updater.rs:13:8
   |
13 | struct AdapterUpdate {
   |        ^^^^^^^^^^^^^

warning: function `get_adapter_path` is never used
  --> src\core\updater.rs:52:8
   |
52 | pub fn get_adapter_path(app_handle: &tauri::AppHandle, adapter_name: &str) -> PathBuf {
   |        ^^^^^^^^^^^^^^^^

warning: methods `create_conversation`, `add_message`, and `get_messages` are never used
   --> src\db\mod.rs:120:18
    |
  9 | impl Database {
    | ------------- methods in this implementation
...
120 |     pub async fn create_conversation(&self, title: &str) -> Result<i64, sqlx::Error> {
    |                  ^^^^^^^^^^^^^^^^^^^
...
129 |     pub async fn add_message(&self, conversation_id: i64, role: &str, content: &str) -> Result<(), sqlx::Error> {
    |                  ^^^^^^^^^^^
...
139 |     pub async fn get_messages(&self, conversation_id: i64) -> Result<Vec<(String, String)>, sqlx::Error> {
    |                  ^^^^^^^^^^^^

error: linking with `link.exe` failed: exit code: 1120
  |
  = note: "C:\\Program Files\\Microsoft Visual Studio\\18\\Community\\VC\\Tools\\MSVC\\14.50.35717\\bin\\HostX64\\x64\\link.exe" "/DEF:C:\\Users\\IK\\AppData\\Local\\Temp\\rustcdxEM7u\\lib.def" "/NOLOGO" "C:\\Users\\IK\\AppData\\Local\\Temp\\rustcdxEM7u\\symbols.o" "<17 object files omitted>" "D:\\WindowsProyects\\Antigravity\\Fork\\src-tauri\\target\\release\\deps/{libtauri_plugin_opener-97c8f28d199eb2f2,libopen-c6c72b72c4aa9ba2,libsqlx-f26339079352bd99,libsqlx_sqlite-f922fb18ab3b4c57,libfutures_executor-092229932aed3e14,libflume-5c60f4103b960fca,libspin-6525488dfea96488,libfutures_intrusive-6ca87424126ee1ef,liblibsqlite3_sys-e4250eaf9d0b72e8,libatoi-9cd730428d79edf1,libsqlx_core-44fd80cd89164bc4,libsha2-36f51ffe3550d525,libcpufeatures-460efc2d5de779f5,libdigest-d4d080edd09e7a4d,libblock_buffer-9b0b88721cff967b,libcrypto_common-5f202de0da49e03b,libgeneric_array-5e4b94abc0eb765f,libtypenum-e914acb62bb03e70,libhashlink-efe6ed589e136d1a,libhashbrown-1944670efa5e0bd8,libfoldhash-ae168b8864012d61,liballocator_api2-5341ea16da84fe1f,libcrossbeam_queue-bdbf520f3fc3e2fe,libevent_listener-a5ab57edfb78b7c1,libparking-d9901c0e8eada1ec,libtauri-298316124a70a55b,libdirs-7fddab30057f03aa,libdirs_sys-d3a4252c4e6f860a,liboption_ext-949334b9037d191e,libwindow_vibrancy-f033609214de6a81,libwindows_sys-d189f902393ae063,libwindows_targets-0b7bbf8d6118945b,libtauri_runtime_wry-22957b88e5c0aeb8,libsoftbuffer-6430120de65fdb82,libwry-1e7d31ac59eb12e6,libtao-c98336c10f0a0f74,libwindows_version-d4378a91e7103671,liblazy_static-abc8ad3195e0b1ee,libmuda-582afe600fcd2d00,libkeyboard_types-40bdb9ba3a59feed,libcrossbeam_channel-9f4fed36ccf499e6,libtauri_runtime-b10c4eb620906986,libwebview2_com-7f7d2bd553b667e5,libwebview2_com_sys-b4e62463ba166f60,libcookie-ccfa371975498b6a,libtime-09c2d9882e2cc11b,libtime_core-59946e4f7da86bd2,libnum_conv-a3a59c480ba1fd37,libderanged-2b529cd882c70e21,libpowerfmt-802efad82b7cbc02,libwindows-7b70876bf2809ee7,libwindows_core-8e8a62750000c2a7,libwindows_strings-248ad52e2e1048a3,libwindows_result-c5c48f042e6a4777,libwindows_link-4fb2648ab76d0d6a,libdpi-25ac0f22353df988,libserialize_to_javascript-40ff529534e0b109,libraw_window_handle-b56281a694f497d0,libtauri_utils-ae7c7efb114bef56,libdunce-ca02350aef89eee4,libinfer-21c1f6a95cb02635,libcfb-6a16d398c39c68cc,libbyteorder-c6e227cb5092a969,libuuid-070451b5b568cdf1,libgetrandom-d27444c0c3d68ece,libbrotli-330442b4e810d9e2,libbrotli_decompressor-148425228c06af15,liballoc_stdlib-2827e2ad210ecf33,liballoc_no_stdlib-de586180d27642fb,liburlpattern-0037897ca0bf7c28,libunic_ucd_ident-189d02a336b27d88,libunic_ucd_version-bce61bd34f9d6dfc,libunic_common-8f19db072be4493b,libunic_char_property-3e3844a773f2821b,libunic_char_range-df2b800d2c20d572,libglob-653fb6034273547f,libwalkdir-ba312ba328ef4429,libsame_file-8ea53ca0858bde96,libwinapi_util-1cab9f3b6fb829d8,libjson_patch-cd0eba2feb8137f7,libthiserror-9b2027c8d44dc860,libjsonptr-5b28e3d61981eff9,libserde_with-510e24fbe6f4b6b6,libphf-061596f965e71bde,libphf_shared-48ebec4d1339f2d4,libsiphasher-f2cb24b4b4592255,libtoml-fab7330326f6ab58,libtoml_writer-f7ba22f15ca05e32,libtoml_parser-8ab87410cc5a14dd,libwinnow-25f4e4b056641412,libserde_spanned-d90db61256c42770,libtoml_datetime-a379cd95d6f8e137,libserde_untagged-27843142ab107f2b,liberased_serde-d73dc40422a4a04e,libtypeid-45d0059fe9180546,libanyhow-2dad6eeef2c2ffa6,libsemver-72dfee95efed128d,libtokenizers-43ad69845fa957ce,libesaxx_rs-626d5f949359ed5b,libregex-820f9990ac1c3092,libregex_automata-8a321e8677e27918,libaho_corasick-de9c678ea61a7855,libregex_syntax-9764c53ec44ac328,libunicode_normalization_alignments-8e0baaabbb203e41,libspm_precompiled-d5d5d064ce457ad7,libbase64-6bb5c4dec82cb29f,libunicode_segmentation-9bd745c6aec357d3,libnom-b7dccbe9a498f4f4,libunicode_categories-2ed65353bdacd76e,librand-660ecf9aa10a6765,librand_chacha-9b55e6ff7029d926,libppv_lite86-eda9252f9405b06b,librand_core-3c65dfd7fd884ce8,libdary_heap-76c75fc57b2e340c,libcompact_str-070d5692a4276003,libstatic_assertions-28916bdb160e2738,libcastaway-ac40a5e7c5055528,libmonostate-0397f2e13dc40c2c,libmacro_rules_attribute-a17921ec42271d25,libindicatif-43a194448834215d,libportable_atomic-64a58c5849207094,libunit_prefix-601972ebce321435,libconsole-06b1fe4d8e15583f,libencode_unicode-d826b076673e80a1,libunicode_width-41a39aac623a3636,librayon_cond-5824c6c27c8218ee,libitertools-b55e6967ef0e1c06,librayon-bd25c1caba1752a7,librayon_core-2ba434b3c71450ff,libcrossbeam_deque-15a9ba6c6bf8f9b8,libcrossbeam_epoch-e7646995e7afdeb8,libcrossbeam_utils-bee4830fd8795c94,libeither-95b8108f1b404313,libonig-dd8ccaed1c78c717,libonig_sys-023ab70c72d2bb54,libahash-2644a0c931ae8f59,libgetrandom-b23dc910db2b89eb,libzerocopy-c2959b3e4c99d040,libderive_builder-b57ba616ce6f748f,libort-ed91f4371adfa893,libort_sys-6f6cee6827a8fe58,libndarray-69f3e62e66f0c964,libmatrixmultiply-291521e017783c39,libnum_complex-11fb141702a76d70,libnum_integer-55783c0fc20d9991,libnum_traits-606daed704563d67,librawpointer-a3c79a630fa045f2,libbollard-2a64b72f49b12bdf,libserde_urlencoded-29fb6a2d204950d3,libryu-7a979f06163ede37,libthiserror-043984079c2194e9,libbollard_stubs-0aaa852d7edc21ea,libhyper_named_pipe-f00eaddc268bbebc,libwinapi-5b0ea245cbd7fb82,libhex-88e6ff3aefa7a75b,libreqwest-ec8319a544f538e5,librustls_platform_verifier-d2b6fa0ea84759bf,libhyper_rustls-aa3ec79ee07c1c19,libtokio_rustls-b49ea59115c2b4ac,librustls-98431c0b46c72e6a,libsubtle-a167f0cf37fa232b,libwebpki-56bfc2682f22613d,libuntrusted-1cd1c0a778daec98,libaws_lc_rs-8835bc6aeb12aa0e,libaws_lc_sys-127925f735e1b459,librustls_pki_types-5d1a2bbddfe200e2,libzeroize-fd38fa47138c85d9,libmime-c5d966cf93b42f57,libencoding_rs-11752058c15ad3c0,libserde_json-0f16997fa2700443,libzmij-c41451be012e8b88,libtower_http-713fd846d627214c,libbitflags-bfbb3fe5043dfde1,libiri_string-4944c7e71cc704b0,libtower-7a2de25c12ad6a8c,libtower_layer-79b05e4cb8ad45fd,libhyper_util-c3bfb70f223fb4fa,libwindows_registry-dfed5ad5242bd1b5,libwindows_strings-55b18f99a037f78e,libwindows_result-3fe5e8885dbf9608,libbase64-e0324648afd55a30,libipnet-39bb659a91c67e2c,libtower_service-f33e741fdb9a23a1,libhyper-6741044bbd609bdc,libwant-3e5f318aa514f436,libtry_lock-1cc7e3cea1bdacbc,libhttparse-94476d6aecc1a62d,libh2-343b5a2ad4e2cb09,libtracing-a15f5f0a4a0d5089,libtracing_core-5934037f9fae1cfa,libonce_cell-5f6ed6fb319aa083,libindexmap-1c395b2c05cdacff,libequivalent-182d05e5bf37167b,libhashbrown-88dce5cae59f683e,libfnv-e6dff0ba3ff76c22,libtokio_util-13863c08f8e25d88,libpin_utils-ab2a7f25dea87840,libatomic_waker-17c57d0b12e90d73,libfutures_channel-decc000e0fbbaf41,libtokio-0331e64171162b2a,libsocket2-04bbd3d3ea38389c,libwindows_sys-7684bcba1970a30f,libwindows_targets-caf99b9d86d3fd44,libmio-bb5c6158f09fd03d,libwindows_sys-943313403e928961,libparking_lot-58eaec6a68371b9c,libparking_lot_core-a2f53b17ce9cf6aa,libwindows_link-2802d900d5c74c46,libcfg_if-ba2f7587fe48a3f5,liblock_api-5803abf3217577b7,libscopeguard-d91086ffe30634f5,libhttp_body_util-1b975d570f6c6d3c,libhttp_body-638dde1188ffc798,libfutures_util-59dc3bf2e43faf25,libmemchr-06656d2859aef5b8,libfutures_io-aab5e3a30e319c96,libslab-3835b225a1c53bdd,libpin_project_lite-b130efc05134ca41,libfutures_sink-6cc43636ba8187bc,libfutures_task-683c212e1cd25373,liburl-33ea733dcc2b3072,libidna-b507a96d708b6517,libutf8_iter-b9ced8892ec273cc,libidna_adapter-263e9f73e8fe7479,libicu_properties-7c961a00271f92a1,libicu_properties_data-40d48e386b84ec9d,libicu_normalizer-1b9fbd765621eb13,libsmallvec-c4892ceb650843c2,libicu_normalizer_data-3ea0bab93d6118f1,libicu_collections-c975a3b78d00aab5,libpotential_utf-f17fb6bb8dfcae91,libicu_provider-d136ec6194120480,libicu_locale_core-93d9b747d1ecee22,libtinystr-91814d51d0324d6d,liblitemap-689f16b1861d4fda,libwriteable-8c22866d684e61f7,libzerovec-212816a9d9b1d5a9,libzerotrie-d76e6da7d209c39f,libyoke-88f71aa21e795a7c,libstable_deref_trait-0b08d47bfb86a2c0,libzerofrom-746dcb8c8db8e320,libform_urlencoded-890c0fe9ede3aa7e,libpercent_encoding-a9b33e3a1848d9a2,libhttp-d87a4701ee701df4,libitoa-4c3b3fd547f3b04c,libbytes-b89eab60a852e91b,libsync_wrapper-e519c30fbd508d3f,libfutures_core-3b5e4ab3558f322e,libkeyring-b8f34980fa03be52,liblog-bc27f9e9e9156e52,libserde-94cbfbfbd0bbd8b1,libserde_core-e9283323b4021326}.rlib" "<sysroot>\\lib\\rustlib\\x86_64-pc-windows-msvc\\lib/{libstd-*,libpanic_unwind-*,libcfg_if-*,libwindows_targets-*,librustc_demangle-*,libstd_detect-*,libhashbrown-*,librustc_std_workspace_alloc-*,libunwind-*,librustc_std_workspace_core-*,liballoc-*,libcore-*,libcompiler_builtins-*}.rlib" "shell32.lib" "ole32.lib" "C:\\Users\\IK\\.cargo\\registry\\src\\index.crates.io-1949cf8c6b5b557f\\windows_x86_64_msvc-0.52.6\\lib\\windows.0.52.0.lib" "advapi32.lib" "dxguid.lib" "DXCORE.lib" "DXGI.lib" "D3D12.lib" "DirectML.lib" "kernel32.lib" "C:\\Users\\IK\\.cargo\\registry\\src\\index.crates.io-1949cf8c6b5b557f\\windows_x86_64_msvc-0.53.1\\lib\\windows.0.53.0.lib" "kernel32.lib" "kernel32.lib" "kernel32.lib" "ntdll.lib" "userenv.lib" "ws2_32.lib" "dbghelp.lib" "/defaultlib:msvcrt" "/NXCOMPAT" "/LIBPATH:D:\\WindowsProyects\\Antigravity\\Fork\\src-tauri\\target\\release\\build\\tauri-app-f4665ae41a03032e\\out" "/LIBPATH:D:\\WindowsProyects\\Antigravity\\Fork\\src-tauri\\target\\release\\build\\aws-lc-sys-48593561b0b1046b\\out" "/LIBPATH:D:\\WindowsProyects\\Antigravity\\Fork\\src-tauri\\target\\release\\build\\libsqlite3-sys-976c608e48f056df\\out" "/LIBPATH:D:\\WindowsProyects\\Antigravity\\Fork\\src-tauri\\target\\release\\build\\webview2-com-sys-56eaba9b1f9a4db8\\out\\x64" "/LIBPATH:D:\\WindowsProyects\\Antigravity\\Fork\\src-tauri\\target\\release\\build\\esaxx-rs-e736e229e970aaf3\\out" "/LIBPATH:D:\\WindowsProyects\\Antigravity\\Fork\\src-tauri\\target\\release\\build\\onig_sys-69bf0a85297cd702\\out" "/LIBPATH:C:\\Users\\IK\\.cargo\\registry\\src\\index.crates.io-1949cf8c6b5b557f\\windows_x86_64_msvc-0.53.1\\lib" "/LIBPATH:C:\\Users\\IK\\AppData\\Local\\ort.pyke.io\\dfbin\\x86_64-pc-windows-msvc\\a03948a02dec0c38485febb0e54ccb89af070d3adcbcb91e2e4fa5fec278943a" "/LIBPATH:C:\\Program Files\\Microsoft Visual Studio\\18\\Community\\VC\\Tools\\MSVC\\14.50.35717\\atlmfc\\lib\\x64" "/LIBPATH:C:\\Users\\IK\\.cargo\\registry\\src\\index.crates.io-1949cf8c6b5b557f\\windows_x86_64_msvc-0.52.6\\lib" "/OUT:D:\\WindowsProyects\\Antigravity\\Fork\\src-tauri\\target\\release\\deps\\tauri_app_lib.dll" "/OPT:REF,ICF" "/DLL" "/IMPLIB:D:\\WindowsProyects\\Antigravity\\Fork\\src-tauri\\target\\release\\deps\\tauri_app_lib.dll.lib" "/DEBUG" "/PDBALTPATH:%_PDB%" "/NATVIS:<sysroot>\\lib\\rustlib\\etc\\intrinsic.natvis" "/NATVIS:<sysroot>\\lib\\rustlib\\etc\\liballoc.natvis" "/NATVIS:<sysroot>\\lib\\rustlib\\etc\\libcore.natvis" "/NATVIS:<sysroot>\\lib\\rustlib\\etc\\libstd.natvis" "/NATVIS:C:\\Users\\IK\\AppData\\Local\\Temp\\rustcdxEM7u\\tauri_app_lib-0.natvis" "/NATVIS:C:\\Users\\IK\\AppData\\Local\\Temp\\rustcdxEM7u\\tauri_app_lib-1.natvis" "/NATVIS:C:\\Users\\IK\\AppData\\Local\\Temp\\rustcdxEM7u\\tauri_app_lib-2.natvis" "/NODEFAULTLIB:libvcruntimed.lib" "/NODEFAULTLIB:vcruntime.lib" "/NODEFAULTLIB:vcruntimed.lib" "/NODEFAULTLIB:libcmtd.lib" "/NODEFAULTLIB:msvcrt.lib" "/NODEFAULTLIB:msvcrtd.lib" "/NODEFAULTLIB:libucrt.lib" "/NODEFAULTLIB:libucrtd.lib" "/DEFAULTLIB:libcmt.lib" "/DEFAULTLIB:libvcruntime.lib" "/DEFAULTLIB:ucrt.lib"
  = note: some arguments are omitted. use `--verbose` to show all linker arguments
  = note:    Creando biblioteca D:\WindowsProyects\Antigravity\Fork\src-tauri\target\release\deps\tauri_app_lib.dll.lib y objeto D:\WindowsProyects\Antigravity\Fork\src-tauri\target\release\deps\tauri_app_lib.dll.expÎ“Ã‰Ã¬
          libaws_lc_sys-127925f735e1b459.rlib(5e7b0e08b07b6019-bcm.o) : error LNK2019: sâ”œÂ¡mbolo externo __builtin_bswap32 sin resolver al que se hace referencia en la funciâ”œâ”‚n AWS_LC_TRAMPOLINE_MD5_Init_from_stateÎ“Ã‰Ã¬
          libaws_lc_sys-127925f735e1b459.rlib(aa3883b9c76e19d7-cbs.o) : error LNK2001: sâ”œÂ¡mbolo externo __builtin_bswap32 sin resolverÎ“Ã‰Ã¬
          libaws_lc_sys-127925f735e1b459.rlib(aa3883b9c76e19d7-cbb.o) : error LNK2001: sâ”œÂ¡mbolo externo __builtin_bswap32 sin resolverÎ“Ã‰Ã¬
          libaws_lc_sys-127925f735e1b459.rlib(1a8cd16084f4713d-ripemd.o) : error LNK2001: sâ”œÂ¡mbolo externo __builtin_bswap32 sin resolverÎ“Ã‰Ã¬
          libaws_lc_sys-127925f735e1b459.rlib(5e7b0e08b07b6019-bcm.o) : error LNK2019: sâ”œÂ¡mbolo externo __builtin_bswap64 sin resolver al que se hace referencia en la funciâ”œâ”‚n CRYPTO_bswap8Î“Ã‰Ã¬
          libaws_lc_sys-127925f735e1b459.rlib(aa3883b9c76e19d7-cbs.o) : error LNK2001: sâ”œÂ¡mbolo externo __builtin_bswap64 sin resolverÎ“Ã‰Ã¬
          libaws_lc_sys-127925f735e1b459.rlib(aa3883b9c76e19d7-cbb.o) : error LNK2001: sâ”œÂ¡mbolo externo __builtin_bswap64 sin resolverÎ“Ã‰Ã¬
          libaws_lc_sys-127925f735e1b459.rlib(aa3883b9c76e19d7-cbs.o) : error LNK2019: sâ”œÂ¡mbolo externo __builtin_bswap16 sin resolver al que se hace referencia en la funciâ”œâ”‚n CRYPTO_bswap2Î“Ã‰Ã¬
          libaws_lc_sys-127925f735e1b459.rlib(aa3883b9c76e19d7-cbb.o) : error LNK2001: sâ”œÂ¡mbolo externo __builtin_bswap16 sin resolverÎ“Ã‰Ã¬
          D:\WindowsProyects\Antigravity\Fork\src-tauri\target\release\deps\tauri_app_lib.dll : fatal error LNK1120: 3 externos sin resolverÎ“Ã‰Ã¬
          

warning: `tauri-app` (lib) generated 7 warnings
error: could not compile `tauri-app` (lib) due to 1 previous error; 7 warnings emitted
failed to build app: failed to build app
       Error failed to build app: failed to build app
